<?xml version="1.0" encoding="UTF-8"?>
<!-- Generated by org.testng.reporters.JUnitReportReporter -->
<testsuite hostname="DESKTOP-A0AQDAN" failures="0" tests="1" name="ReportDemo.ExtentReports.Test3" time="13.768" errors="0" timestamp="2022-05-11T22:11:24 IST" skipped="0">
  <testcase classname="ReportDemo.ExtentReports.Test3" name="textBoxValidation" time="13.768"/>
  <system-out/>
</testsuite> <!-- ReportDemo.ExtentReports.Test3 -->
