<?xml version="1.0" encoding="UTF-8"?>
<!-- Generated by org.testng.reporters.JUnitReportReporter -->
<testsuite hostname="DESKTOP-A0AQDAN" failures="0" tests="1" name="ReportDemo.ExtentReports.Test1" time="9.093" errors="0" timestamp="2022-05-11T22:11:24 IST" skipped="0">
  <testcase classname="ReportDemo.ExtentReports.Test1" name="initialDemo" time="9.093"/>
  <system-out/>
</testsuite> <!-- ReportDemo.ExtentReports.Test1 -->
