<?xml version="1.0" encoding="UTF-8"?>
<!-- Generated by org.testng.reporters.JUnitReportReporter -->
<testsuite hostname="DESKTOP-A0AQDAN" failures="0" tests="1" name="ReportDemo.ExtentReports.ExtentReportDemo" time="6.282" errors="0" timestamp="2022-05-11T19:05:04 IST" skipped="0">
  <testcase classname="ReportDemo.ExtentReports.ExtentReportDemo" name="demo" time="6.282"/>
  <system-out/>
</testsuite> <!-- ReportDemo.ExtentReports.ExtentReportDemo -->
